<?xml version="1.0" encoding="UTF-8"?>
<testsuite xmlns:xsi="http://www.w3.org/2001/XMLSchema-instance" xsi:noNamespaceSchemaLocation="https://maven.apache.org/surefire/maven-surefire-plugin/xsd/surefire-test-report.xsd" name="com.yuw.test.TestDriver" time="1.448" tests="4" errors="0" skipped="0" failures="0">
  <properties>
[...]
</properties>
  <testcase name="test01" classname="com.yuw.test.TestDriver" time="1.002"/>
  <testcase name="test02" classname="com.yuw.test.TestDriver" time="0.064"/>
  <testcase name="test03" classname="com.yuw.test.TestDriver" time="0.253"/>
  <testcase name="test04" classname="com.yuw.test.TestDriver" time="0.053"/>
</testsuite>